WARNING:tensorflow:From C:\Users\Adrian\AppData\Local\Programs\Python\Python36\lib\site-packages\tensorflow\python\ops\math_ops.py:3066: to_int32 (from tensorflow.python.ops.math_ops) is deprecated and will be removed in a future version.
Instructions for updating:
Use tf.cast instead.
DEBUG:root:1,500,0.609179,1.913337,24.418
DEBUG:root:2,500,0.487179,1.738636,21.538
DEBUG:root:3,500,0.657671,1.686527,20.980
DEBUG:root:4,500,0.601639,1.800246,20.335
DEBUG:root:5,500,0.644816,1.574161,20.522
DEBUG:root:6,500,0.586256,1.509390,20.327
DEBUG:root:7,500,0.584222,1.608331,20.334
DEBUG:root:8,500,0.693267,1.915586,20.372
DEBUG:root:9,500,0.610556,1.744916,20.468
DEBUG:root:10,500,0.501011,1.282593,20.434
DEBUG:root:11,500,0.554355,1.468326,20.464
DEBUG:root:12,500,0.479467,1.217412,20.942
DEBUG:root:13,500,0.542995,1.178325,20.278
DEBUG:root:14,500,0.449617,1.319039,20.297
DEBUG:root:15,500,0.477031,1.264988,20.419
DEBUG:root:16,500,0.488731,1.236427,20.446
DEBUG:root:17,500,0.518515,1.460242,20.454
DEBUG:root:18,500,0.463486,1.457210,20.526
DEBUG:root:19,500,0.360494,1.304204,20.342
DEBUG:root:20,500,0.431436,1.708093,20.289
DEBUG:root:21,500,0.427311,2.034313,20.343
DEBUG:root:22,500,0.420821,1.550487,20.388
DEBUG:root:23,500,0.389899,1.838281,20.435
DEBUG:root:24,500,0.344672,1.461936,20.449
DEBUG:root:25,500,0.361136,1.752259,20.464
DEBUG:root:26,500,0.403253,1.676284,20.294
DEBUG:root:27,500,0.357420,2.044645,20.326
DEBUG:root:28,500,0.318749,2.035548,21.100
DEBUG:root:29,500,0.308931,2.045333,20.780
DEBUG:root:30,500,0.382263,1.957728,20.651
DEBUG:root:31,500,0.306341,1.692481,21.007
DEBUG:root:32,500,0.329638,1.924885,20.306
DEBUG:root:33,500,0.323917,2.117756,20.429
DEBUG:root:34,500,0.331654,1.934894,20.479
DEBUG:root:35,500,0.236605,2.561426,20.539
DEBUG:root:36,500,0.277757,2.105474,20.572
DEBUG:root:37,500,0.319178,2.232362,20.630
DEBUG:root:38,500,0.253702,2.358476,20.451
DEBUG:root:39,500,0.278400,2.444178,20.647
DEBUG:root:40,500,0.304530,2.388435,20.858
DEBUG:root:41,500,0.223679,2.012090,20.397
DEBUG:root:42,500,0.245076,1.899822,20.536
DEBUG:root:43,500,0.226544,2.353965,21.210
DEBUG:root:44,500,0.239196,2.339701,20.460
DEBUG:root:45,500,0.240999,2.326906,20.432
DEBUG:root:46,500,0.214519,2.952361,20.555
DEBUG:root:47,500,0.231294,2.763920,20.743
DEBUG:root:48,500,0.203570,2.388323,22.135
DEBUG:root:49,500,0.221710,2.477654,20.318
DEBUG:root:50,500,0.209456,2.539938,20.415
DEBUG:root:51,500,0.222305,2.578556,20.808
DEBUG:root:52,500,0.211300,2.895171,20.290
DEBUG:root:53,500,0.190336,2.731129,20.330
DEBUG:root:54,500,0.225337,2.647405,20.389
DEBUG:root:55,500,0.254305,3.958639,20.472
DEBUG:root:56,500,0.212437,2.861169,20.498
DEBUG:root:57,500,0.167923,2.979064,20.478
DEBUG:root:58,500,0.195803,2.796627,20.390
DEBUG:root:59,500,0.292266,2.725042,20.321
DEBUG:root:60,500,0.206475,3.192293,20.659
DEBUG:root:61,500,0.185171,3.038333,21.228
DEBUG:root:62,500,0.216553,3.203978,20.602
DEBUG:root:63,500,0.200772,4.073334,20.693
DEBUG:root:64,500,0.160853,3.678632,20.571
DEBUG:root:65,500,0.161654,3.353825,20.601
DEBUG:root:66,500,0.145319,3.039257,20.455
DEBUG:root:67,500,0.164357,2.807674,20.678
DEBUG:root:68,500,0.179041,3.339279,20.535
DEBUG:root:69,500,0.123362,3.540080,23.271
DEBUG:root:70,500,0.141186,3.362426,20.739
DEBUG:root:71,500,0.169312,3.888598,20.325
DEBUG:root:72,500,0.139033,4.304788,20.405
DEBUG:root:73,500,0.201656,3.698309,20.378
DEBUG:root:74,500,0.137145,4.007772,20.532
DEBUG:root:75,500,0.091402,3.726041,20.832
DEBUG:root:76,500,0.132893,4.199033,20.351
DEBUG:root:77,500,0.135588,3.466402,20.892
DEBUG:root:78,500,0.135334,4.460179,20.409
DEBUG:root:79,500,0.172298,5.054621,20.536
DEBUG:root:80,500,0.134466,3.927122,20.448
DEBUG:root:81,500,0.137808,4.122533,20.473
DEBUG:root:82,500,0.087932,4.662316,20.768
DEBUG:root:83,500,0.101309,3.957916,20.909
DEBUG:root:84,500,0.103134,4.131850,20.959
DEBUG:root:85,500,0.108152,4.741795,21.006
DEBUG:root:86,500,0.184101,4.262506,20.421
DEBUG:root:87,500,0.130116,3.199600,20.653
DEBUG:root:88,500,0.098051,4.233009,20.497
DEBUG:root:89,500,0.080782,3.872968,20.489
DEBUG:root:90,500,0.100710,5.080027,20.433
DEBUG:root:91,500,0.084632,4.286553,20.556
DEBUG:root:92,500,0.073344,4.037095,20.501
DEBUG:root:93,500,0.135570,4.593146,20.489
DEBUG:root:94,500,0.068397,4.551136,20.462
DEBUG:root:95,500,0.089659,5.200716,20.524
DEBUG:root:96,500,0.077738,4.093982,20.306
DEBUG:root:97,500,0.156631,4.521075,20.648
DEBUG:root:98,500,0.122973,5.279973,21.043
DEBUG:root:99,500,0.111917,4.383899,20.932
DEBUG:root:100,500,0.086629,4.976225,20.910
DEBUG:root:101,500,0.098361,5.726604,21.080
DEBUG:root:102,500,0.058700,5.226251,20.846
DEBUG:root:103,500,0.084172,5.594020,20.954
DEBUG:root:104,500,0.078599,5.078335,21.005
DEBUG:root:105,500,0.058769,5.958054,20.921
DEBUG:root:106,500,0.054473,4.617587,20.900
DEBUG:root:107,500,0.059613,4.226576,21.103
DEBUG:root:108,500,0.077945,5.317191,21.342
DEBUG:root:109,500,0.124515,5.471618,20.881
DEBUG:root:110,500,0.065080,4.802599,21.087
DEBUG:root:111,500,0.178842,5.473308,20.906
DEBUG:root:112,500,0.060336,5.797585,20.942
DEBUG:root:113,500,0.055428,5.768611,20.921
DEBUG:root:114,500,0.067566,5.029208,20.991
DEBUG:root:115,500,0.060706,4.467121,20.944
DEBUG:root:116,500,0.050825,5.103216,20.926
DEBUG:root:117,500,0.057726,4.860438,20.943
DEBUG:root:118,500,0.061230,5.310840,20.930
DEBUG:root:119,500,0.070686,6.104302,20.868
DEBUG:root:120,500,0.073803,6.179220,21.066
DEBUG:root:121,500,0.039257,5.793492,20.917
DEBUG:root:122,500,0.065427,5.412920,20.932
DEBUG:root:123,500,0.075646,5.806303,21.068
