WARNING:tensorflow:From C:\Users\Adrian\AppData\Local\Programs\Python\Python36\lib\site-packages\tensorflow\python\ops\math_ops.py:3066: to_int32 (from tensorflow.python.ops.math_ops) is deprecated and will be removed in a future version.
Instructions for updating:
Use tf.cast instead.
DEBUG:root:1,500,0.148982,0.034263,20.596
DEBUG:root:2,500,0.372709,0.898394,15.429
DEBUG:root:3,500,0.523112,0.973706,15.729
DEBUG:root:4,500,0.537213,1.382300,15.541
DEBUG:root:5,500,0.514946,0.994778,15.518
DEBUG:root:6,500,0.556361,1.247964,15.387
DEBUG:root:7,500,0.609151,0.884917,15.410
DEBUG:root:8,500,0.601646,1.138496,15.441
DEBUG:root:9,500,0.576912,1.431518,15.568
DEBUG:root:10,500,0.498294,1.316581,15.475
DEBUG:root:11,500,0.576732,0.922326,15.368
DEBUG:root:12,500,0.530102,1.089571,15.401
DEBUG:root:13,500,0.565491,1.346004,15.368
DEBUG:root:14,500,0.524593,1.151047,15.343
DEBUG:root:15,500,0.494180,1.055748,15.708
DEBUG:root:16,500,0.508222,1.086228,15.651
DEBUG:root:17,500,0.589415,1.195885,15.565
DEBUG:root:18,500,0.511741,1.208524,15.527
DEBUG:root:19,500,0.546884,1.189535,15.533
DEBUG:root:20,500,0.514782,1.198056,15.558
DEBUG:root:21,500,0.569586,1.199255,15.549
DEBUG:root:22,500,0.572612,1.286476,15.538
DEBUG:root:23,500,0.630746,1.161591,15.501
DEBUG:root:24,500,0.538310,0.968516,15.562
DEBUG:root:25,500,0.641944,1.303641,15.499
DEBUG:root:26,500,0.562644,1.065591,15.445
DEBUG:root:27,500,0.591018,1.246009,15.474
DEBUG:root:28,500,0.496201,1.150020,15.539
DEBUG:root:29,500,0.515076,1.150683,15.626
DEBUG:root:30,500,0.525537,1.220679,15.826
DEBUG:root:31,500,0.512026,1.158974,15.905
DEBUG:root:32,500,0.579668,0.945565,15.929
DEBUG:root:33,500,0.465831,1.242264,16.020
DEBUG:root:34,500,0.544477,1.276353,15.963
DEBUG:root:35,500,0.655995,1.426189,15.935
DEBUG:root:36,500,0.510943,1.002629,15.931
DEBUG:root:37,500,0.611133,1.244277,15.978
DEBUG:root:38,500,0.587562,1.304617,15.935
DEBUG:root:39,500,0.514180,1.349198,15.832
DEBUG:root:40,500,0.522580,1.235681,15.446
DEBUG:root:41,500,0.469176,1.420319,15.795
DEBUG:root:42,500,0.496847,1.371814,15.329
DEBUG:root:43,500,0.508623,1.395103,15.580
DEBUG:root:44,500,0.485068,1.364244,15.538
DEBUG:root:45,500,0.503159,1.153233,15.677
DEBUG:root:46,500,0.527795,1.769236,15.448
DEBUG:root:47,500,0.432758,1.169889,15.449
DEBUG:root:48,500,0.470675,1.349360,15.307
DEBUG:root:49,500,0.487532,1.259205,15.446
DEBUG:root:50,500,0.570691,1.664950,15.305
DEBUG:root:51,500,0.436903,1.374186,15.314
DEBUG:root:52,500,0.574904,1.549597,15.268
DEBUG:root:53,500,0.434776,1.442508,15.283
DEBUG:root:54,500,0.418768,1.573210,15.299
DEBUG:root:55,500,0.495538,1.396760,15.321
DEBUG:root:56,500,0.460605,1.594954,15.307
DEBUG:root:57,500,0.454786,1.681252,15.494
DEBUG:root:58,500,0.477684,1.534139,15.815
DEBUG:root:59,500,0.455624,1.717081,15.833
DEBUG:root:60,500,0.504080,1.781281,15.770
DEBUG:root:61,500,0.400407,1.484438,15.833
DEBUG:root:62,500,0.411766,2.133454,15.840
DEBUG:root:63,500,0.465387,1.704462,15.750
DEBUG:root:64,500,0.425593,1.604559,15.760
DEBUG:root:65,500,0.462313,1.759988,15.778
DEBUG:root:66,500,0.371601,2.002287,16.047
DEBUG:root:67,500,0.404896,1.952505,15.857
DEBUG:root:68,500,0.405275,2.069729,15.783
DEBUG:root:69,500,0.312837,2.222770,15.763
DEBUG:root:70,500,0.434956,2.497368,15.846
DEBUG:root:71,500,0.358526,2.033685,15.760
DEBUG:root:72,500,0.348604,1.864958,15.492
DEBUG:root:73,500,0.358621,2.164671,15.412
DEBUG:root:74,500,0.334065,1.840767,15.627
DEBUG:root:75,500,0.394096,2.598132,15.410
DEBUG:root:76,500,0.335858,2.000073,15.473
DEBUG:root:77,500,0.267639,2.157293,15.561
DEBUG:root:78,500,0.370106,2.155041,15.488
DEBUG:root:79,500,0.346749,1.984679,15.534
DEBUG:root:80,500,0.448205,2.601917,15.819
DEBUG:root:81,500,0.413989,2.352690,15.456
DEBUG:root:82,500,0.402358,2.191789,15.929
DEBUG:root:83,500,0.298877,2.215806,15.693
DEBUG:root:84,500,0.278813,2.328249,15.580
DEBUG:root:85,500,0.260013,2.109906,16.441
DEBUG:root:86,500,0.291811,2.447290,16.119
DEBUG:root:87,500,0.318884,2.518393,15.314
DEBUG:root:88,500,0.284087,2.643065,15.536
DEBUG:root:89,500,0.282944,3.148940,15.321
DEBUG:root:90,500,0.281646,2.581505,15.535
DEBUG:root:91,500,0.302715,2.703314,15.611
DEBUG:root:92,500,0.417586,2.540343,15.317
DEBUG:root:93,500,0.372636,2.822758,15.507
DEBUG:root:94,500,0.197214,2.568428,15.445
DEBUG:root:95,500,0.280825,2.717083,15.280
DEBUG:root:96,500,0.308570,1.923856,15.579
DEBUG:root:97,500,0.216634,2.726182,15.247
DEBUG:root:98,500,0.332048,2.171242,15.229
DEBUG:root:99,500,0.218697,2.950230,15.196
DEBUG:root:100,500,0.313842,3.074621,15.278
DEBUG:root:101,500,0.314970,2.544305,15.247
DEBUG:root:102,500,0.170552,3.214511,15.253
DEBUG:root:103,500,0.329159,2.947606,15.232
DEBUG:root:104,500,0.260118,2.182917,15.228
DEBUG:root:105,500,0.194377,2.122595,15.249
DEBUG:root:106,500,0.267586,2.330315,15.212
DEBUG:root:107,500,0.220861,2.213426,15.375
DEBUG:root:108,500,0.191013,2.797591,15.217
DEBUG:root:109,500,0.297404,3.031131,15.265
DEBUG:root:110,500,0.327816,2.829035,15.179
DEBUG:root:111,500,0.222578,2.882519,15.420
DEBUG:root:112,500,0.296388,2.301910,15.341
DEBUG:root:113,500,0.311441,2.889633,15.356
DEBUG:root:114,500,0.219957,3.380429,15.286
DEBUG:root:115,500,0.206299,3.048340,15.362
DEBUG:root:116,500,0.284369,3.340125,15.318
DEBUG:root:117,500,0.248540,2.674141,15.373
DEBUG:root:118,500,0.255433,3.241750,15.270
DEBUG:root:119,500,0.311947,2.342238,15.305
DEBUG:root:120,500,0.229919,3.179896,15.290
DEBUG:root:121,500,0.184230,3.305109,15.747
DEBUG:root:122,500,0.279653,3.211696,15.732
DEBUG:root:123,500,0.216119,3.109295,15.750
DEBUG:root:124,500,0.239639,3.119212,15.717
DEBUG:root:125,500,0.274641,3.038788,15.779
DEBUG:root:126,500,0.280426,2.461179,15.758
DEBUG:root:127,500,0.149998,3.137384,15.740
DEBUG:root:128,500,0.270757,3.026584,15.671
DEBUG:root:129,500,0.245825,2.991424,15.733
DEBUG:root:130,500,0.171456,2.987171,15.741
DEBUG:root:131,500,0.219580,2.913789,15.693
DEBUG:root:132,500,0.251515,2.468912,15.697
DEBUG:root:133,500,0.223001,2.817126,15.727
DEBUG:root:134,500,0.138537,3.819241,15.704
DEBUG:root:135,500,0.150697,3.378900,15.782
DEBUG:root:136,500,0.185381,2.718834,15.742
DEBUG:root:137,500,0.235036,3.744781,15.739
DEBUG:root:138,500,0.220538,3.888329,15.756
DEBUG:root:139,500,0.164097,2.827316,15.773
DEBUG:root:140,500,0.183700,4.091895,15.697
DEBUG:root:141,500,0.233405,3.432820,15.740
DEBUG:root:142,500,0.169507,3.472970,15.716
DEBUG:root:143,500,0.155133,3.242181,15.812
DEBUG:root:144,500,0.227381,3.298420,15.767
DEBUG:root:145,500,0.300844,3.356019,15.741
DEBUG:root:146,500,0.171045,3.687005,15.708
DEBUG:root:147,500,0.142063,3.388079,15.798
DEBUG:root:148,500,0.251961,4.249310,15.844
DEBUG:root:149,500,0.149113,3.750666,15.939
DEBUG:root:150,500,0.123188,3.616216,15.824
DEBUG:root:151,500,0.188729,3.779572,15.864
DEBUG:root:152,500,0.184662,3.810298,15.844
DEBUG:root:153,500,0.128085,4.231601,15.851
DEBUG:root:154,500,0.241909,3.690882,15.756
DEBUG:root:155,500,0.190443,3.401358,16.419
DEBUG:root:156,500,0.169896,3.779139,15.691
DEBUG:root:157,500,0.139904,4.552734,15.430
DEBUG:root:158,500,0.226812,3.379123,15.476
DEBUG:root:159,500,0.261959,2.881000,15.302
DEBUG:root:160,500,0.184512,3.509000,15.548
DEBUG:root:161,500,0.147046,3.143918,15.745
DEBUG:root:162,500,0.203855,4.182116,15.420
DEBUG:root:163,500,0.163170,4.609153,15.512
DEBUG:root:164,500,0.193462,3.984173,15.362
DEBUG:root:165,500,0.149992,3.974078,15.591
DEBUG:root:166,500,0.158569,4.938000,15.598
DEBUG:root:167,500,0.174341,3.858054,15.329
DEBUG:root:168,500,0.095129,4.393713,15.821
DEBUG:root:169,500,0.047191,4.513837,15.470
DEBUG:root:170,500,0.144526,4.063936,16.707
DEBUG:root:171,500,0.143829,4.139771,16.053
DEBUG:root:172,500,0.241083,3.966524,19.756
DEBUG:root:173,500,0.197069,4.217746,16.152
DEBUG:root:174,500,0.187145,4.132085,16.523
DEBUG:root:175,500,0.215294,2.957733,16.012
DEBUG:root:176,500,0.168132,4.445596,15.772
DEBUG:root:177,500,0.114438,4.090624,15.489
DEBUG:root:178,500,0.167693,4.799170,15.693
DEBUG:root:179,500,0.111038,4.035900,15.672
DEBUG:root:180,500,0.147596,4.715437,15.505
DEBUG:root:181,500,0.129442,3.809812,15.758
DEBUG:root:182,500,0.139129,4.501127,15.621
DEBUG:root:183,500,0.108559,5.063342,15.637
DEBUG:root:184,500,0.146504,4.140015,15.784
DEBUG:root:185,500,0.092730,4.879053,15.524
DEBUG:root:186,500,0.109406,5.539274,15.678
DEBUG:root:187,500,0.101648,4.872570,15.439
DEBUG:root:188,500,0.176921,4.702036,15.464
DEBUG:root:189,500,0.082907,4.107864,15.436
DEBUG:root:190,500,0.056755,5.440181,15.530
DEBUG:root:191,500,0.200122,3.895812,15.965
DEBUG:root:192,500,0.074456,4.698898,15.926
DEBUG:root:193,500,0.111319,5.136725,15.919
DEBUG:root:194,500,0.144771,4.084333,15.760
DEBUG:root:195,500,0.144276,4.894998,15.753
DEBUG:root:196,500,0.070078,3.691991,15.693
DEBUG:root:197,500,0.122503,4.732934,15.780
DEBUG:root:198,500,0.097027,6.436533,15.694
DEBUG:root:199,500,0.204458,3.974508,15.734
DEBUG:root:200,500,0.112599,5.551056,15.689
DEBUG:root:201,500,0.117979,3.812820,15.847
DEBUG:root:202,500,0.067703,5.816360,15.738
DEBUG:root:203,500,0.117957,4.666220,15.742
DEBUG:root:204,500,0.118702,5.823797,15.708
DEBUG:root:205,500,0.172696,4.138094,15.979
DEBUG:root:206,500,0.119371,4.759792,15.761
DEBUG:root:207,500,0.118397,5.651132,15.709
DEBUG:root:208,500,0.117396,4.006391,15.779
DEBUG:root:209,500,0.141799,4.605655,15.822
DEBUG:root:210,500,0.079595,4.237570,15.685
DEBUG:root:211,500,0.102138,4.745037,15.803
DEBUG:root:212,500,0.142929,4.879722,15.828
DEBUG:root:213,500,0.136303,5.559198,15.778
DEBUG:root:214,500,0.077565,5.600597,15.763
DEBUG:root:215,500,0.106430,5.291493,15.789
DEBUG:root:216,500,0.067256,5.279355,15.776
DEBUG:root:217,500,0.129155,4.512647,15.779
DEBUG:root:218,500,0.153473,4.549209,16.033
DEBUG:root:219,500,0.111275,5.020494,15.639
DEBUG:root:220,500,0.157808,5.314331,15.785
DEBUG:root:221,500,0.092673,5.366558,15.841
DEBUG:root:222,500,0.125078,4.515183,16.008
DEBUG:root:223,500,0.127477,5.438323,15.701
DEBUG:root:224,500,0.124202,4.929421,15.750
DEBUG:root:225,500,0.122943,5.075009,15.678
DEBUG:root:226,500,0.119269,4.871082,15.773
DEBUG:root:227,500,0.134300,5.525705,15.717
DEBUG:root:228,500,0.113911,4.799371,15.747
DEBUG:root:229,500,0.111065,4.750849,15.721
DEBUG:root:230,500,0.059339,6.022455,15.778
DEBUG:root:231,500,0.099217,4.278005,15.684
DEBUG:root:232,500,0.059029,6.279307,15.408
DEBUG:root:233,500,0.064526,5.420337,15.499
DEBUG:root:234,500,0.092315,6.230315,15.304
DEBUG:root:235,500,0.041203,5.870038,15.743
DEBUG:root:236,500,0.071709,5.851573,15.754
DEBUG:root:237,500,0.152450,4.502780,15.676
DEBUG:root:238,500,0.216679,5.350471,15.740
DEBUG:root:239,500,0.108466,4.575621,15.709
DEBUG:root:240,500,0.133867,5.411960,15.702
DEBUG:root:241,500,0.108850,4.976382,15.713
DEBUG:root:242,500,0.086452,5.076534,15.758
DEBUG:root:243,500,0.147863,5.418983,15.733
DEBUG:root:244,500,0.043051,6.611071,15.750
DEBUG:root:245,500,0.144557,5.548466,15.689
DEBUG:root:246,500,0.136681,4.693661,15.726
DEBUG:root:247,500,0.092116,4.755081,15.733
DEBUG:root:248,500,0.136780,6.523548,15.729
DEBUG:root:249,500,0.073184,5.750309,15.725
DEBUG:root:250,500,0.124484,4.607909,15.718
DEBUG:root:251,500,0.055949,6.487524,15.737
DEBUG:root:252,500,0.059522,5.145193,15.710
DEBUG:root:253,500,0.147711,5.198675,15.658
DEBUG:root:254,500,0.097098,5.572732,15.726
DEBUG:root:255,500,0.100510,6.085453,15.761
DEBUG:root:256,500,0.134316,5.152698,15.772
DEBUG:root:257,500,0.049720,7.142644,16.042
DEBUG:root:258,500,0.070508,5.923622,16.124
DEBUG:root:259,500,0.207170,5.932383,15.665
DEBUG:root:260,500,0.074545,5.989944,15.465
DEBUG:root:261,500,0.165561,5.309771,15.635
DEBUG:root:262,500,0.117903,4.830199,15.570
DEBUG:root:263,500,0.081683,5.502748,15.493
DEBUG:root:264,500,0.097959,6.122243,15.672
DEBUG:root:265,500,0.089765,5.440386,15.375
DEBUG:root:266,500,0.085989,5.533607,15.447
DEBUG:root:267,500,0.123238,4.904776,15.393
DEBUG:root:268,500,0.039061,5.848750,15.461
DEBUG:root:269,500,0.062677,5.956795,15.432
DEBUG:root:270,500,0.139748,6.120460,15.473
DEBUG:root:271,500,0.099905,6.261209,15.373
DEBUG:root:272,500,0.124721,5.545034,15.702
DEBUG:root:273,500,0.052026,6.194971,15.299
DEBUG:root:274,500,0.064647,5.352500,15.345
DEBUG:root:275,500,0.124926,6.675167,15.302
DEBUG:root:276,500,0.163363,5.885798,15.311
DEBUG:root:277,500,0.075365,5.789720,15.313
DEBUG:root:278,500,0.062987,5.457167,15.341
DEBUG:root:279,500,0.102067,6.758303,15.439
DEBUG:root:280,500,0.138383,4.994401,15.285
DEBUG:root:281,500,0.116549,4.998873,15.352
DEBUG:root:282,500,0.057576,4.830111,15.310
DEBUG:root:283,500,0.115820,5.100820,15.305
DEBUG:root:284,500,0.053782,5.147342,15.300
DEBUG:root:285,500,0.190012,5.104058,15.296
DEBUG:root:286,500,0.130670,5.308706,15.322
DEBUG:root:287,500,0.140933,4.627051,15.539
DEBUG:root:288,500,0.051860,5.704860,15.835
DEBUG:root:289,500,0.100863,5.673063,15.850
DEBUG:root:290,500,0.116423,5.989047,15.831
DEBUG:root:291,500,0.137383,5.469748,15.821
DEBUG:root:292,500,0.130754,5.532336,15.822
DEBUG:root:293,500,0.114112,6.025548,15.903
DEBUG:root:294,500,0.043114,6.130068,15.792
DEBUG:root:295,500,0.189984,5.419341,15.835
DEBUG:root:296,500,0.160329,5.305624,15.782
DEBUG:root:297,500,0.142746,5.441575,15.842
DEBUG:root:298,500,0.117778,5.994848,15.922
DEBUG:root:299,500,0.086716,5.322387,15.821
DEBUG:root:300,500,0.070675,4.795435,15.830
DEBUG:root:301,500,0.067473,5.613782,15.845
DEBUG:root:302,500,0.121246,5.762591,15.878
DEBUG:root:303,500,0.135223,5.029267,15.840
DEBUG:root:304,500,0.136964,5.718587,15.828
DEBUG:root:305,500,0.167326,5.023674,15.873
DEBUG:root:306,500,0.084228,5.664790,15.884
DEBUG:root:307,500,0.121065,5.241120,15.778
DEBUG:root:308,500,0.064878,5.458140,15.415
DEBUG:root:309,500,0.126029,4.870752,15.446
DEBUG:root:310,500,0.151365,4.990345,15.471
DEBUG:root:311,500,0.109368,5.346933,15.378
DEBUG:root:312,500,0.088613,5.671724,15.381
DEBUG:root:313,500,0.085348,5.709517,15.391
DEBUG:root:314,500,0.215797,4.235427,15.402
DEBUG:root:315,500,0.102361,5.450234,15.393
DEBUG:root:316,500,0.118589,6.092743,15.416
DEBUG:root:317,500,0.069019,6.076233,15.397
DEBUG:root:318,500,0.157804,5.353727,15.380
DEBUG:root:319,500,0.050531,5.569847,15.409
DEBUG:root:320,500,0.154164,5.336167,15.429
DEBUG:root:321,500,0.198507,5.337930,15.436
DEBUG:root:322,500,0.141828,5.694355,15.372
DEBUG:root:323,500,0.062014,5.151919,15.397
DEBUG:root:324,500,0.088854,6.315797,15.408
DEBUG:root:325,500,0.170542,5.287988,15.414
DEBUG:root:326,500,0.178445,5.087235,15.391
DEBUG:root:327,500,0.065214,6.413809,15.430
DEBUG:root:328,500,0.157976,5.448488,15.287
DEBUG:root:329,500,0.137461,5.458565,15.061
DEBUG:root:330,500,0.149922,5.164045,15.138
DEBUG:root:331,500,0.128795,4.901209,15.247
DEBUG:root:332,500,0.063820,5.600397,15.011
DEBUG:root:333,500,0.103125,5.929237,15.411
DEBUG:root:334,500,0.103541,6.177991,15.040
DEBUG:root:335,500,0.112501,4.965089,15.259
DEBUG:root:336,500,0.062526,5.092413,15.063
DEBUG:root:337,500,0.111914,5.545166,15.266
DEBUG:root:338,500,0.187688,4.664875,15.232
DEBUG:root:339,500,0.166804,4.871428,14.950
DEBUG:root:340,500,0.089168,6.295272,15.226
DEBUG:root:341,500,0.091464,6.038975,15.138
DEBUG:root:342,500,0.159732,5.893091,15.018
DEBUG:root:343,500,0.170466,4.794216,15.223
DEBUG:root:344,500,0.112724,4.596718,15.098
DEBUG:root:345,500,0.107428,5.741529,15.333
DEBUG:root:346,500,0.115740,5.008043,15.217
DEBUG:root:347,500,0.175343,5.502906,15.406
DEBUG:root:348,500,0.058183,5.430878,15.416
DEBUG:root:349,500,0.129223,5.831460,15.392
DEBUG:root:350,500,0.125246,5.102003,15.374
DEBUG:root:351,500,0.214993,4.331723,15.406
DEBUG:root:352,500,0.136409,4.956385,15.413
DEBUG:root:353,500,0.065079,4.270080,15.403
DEBUG:root:354,500,0.086892,5.613635,15.360
DEBUG:root:355,500,0.078702,5.553601,15.379
DEBUG:root:356,500,0.111053,5.024014,15.389
DEBUG:root:357,500,0.148532,4.133977,15.433
DEBUG:root:358,500,0.177117,4.527400,15.391
DEBUG:root:359,500,0.096253,6.149230,15.395
DEBUG:root:360,500,0.095860,5.713017,15.402
DEBUG:root:361,500,0.153694,4.987999,15.395
DEBUG:root:362,500,0.144367,4.333297,15.382
DEBUG:root:363,500,0.124161,5.689144,15.400
DEBUG:root:364,500,0.050024,4.426149,15.375
DEBUG:root:365,500,0.132003,4.432237,15.421
DEBUG:root:366,500,0.100433,4.436076,15.381
DEBUG:root:367,500,0.163137,4.548427,15.389
DEBUG:root:368,500,0.113178,5.464107,15.395
DEBUG:root:369,500,0.044865,5.942573,15.404
DEBUG:root:370,500,0.169782,4.946679,15.377
DEBUG:root:371,500,0.025673,6.776776,15.386
DEBUG:root:372,500,0.169136,5.446575,15.393
DEBUG:root:373,500,0.128785,5.393106,15.401
DEBUG:root:374,500,0.116581,7.146027,15.377
DEBUG:root:375,500,0.208487,5.459211,15.420
DEBUG:root:376,500,0.106896,6.246311,15.392
DEBUG:root:377,500,0.103889,5.471003,15.384
DEBUG:root:378,500,0.068743,6.025680,15.391
DEBUG:root:379,500,0.065804,5.651299,15.405
DEBUG:root:380,500,0.151473,5.344934,15.434
DEBUG:root:381,500,0.105591,5.779992,15.454
DEBUG:root:382,500,0.024447,5.910028,15.373
DEBUG:root:383,500,0.156598,5.301209,15.423
DEBUG:root:384,500,0.194896,5.532296,15.425
DEBUG:root:385,500,0.114919,5.807233,15.387
DEBUG:root:386,500,0.094617,5.110952,15.402
DEBUG:root:387,500,0.097829,5.655017,15.437
DEBUG:root:388,500,0.060813,6.175971,15.420
DEBUG:root:389,500,0.102870,6.005449,15.388
DEBUG:root:390,500,0.094347,4.544529,15.357
DEBUG:root:391,500,0.113066,5.308406,15.400
DEBUG:root:392,500,0.111675,5.325248,15.393
DEBUG:root:393,500,0.073828,6.542325,15.376
DEBUG:root:394,500,0.083353,5.719612,15.389
DEBUG:root:395,500,0.141856,5.342976,15.415
DEBUG:root:396,500,0.082499,4.269042,15.560
DEBUG:root:397,500,0.158812,5.304142,15.380
DEBUG:root:398,500,0.089946,5.957959,15.858
DEBUG:root:399,500,0.083711,6.285904,16.458
DEBUG:root:400,500,0.068858,6.390308,15.814
DEBUG:root:401,500,0.134244,5.412796,15.406
DEBUG:root:402,500,0.120605,6.157340,15.483
DEBUG:root:403,500,0.109775,4.716928,15.558
DEBUG:root:404,500,0.122145,5.561176,15.370
DEBUG:root:405,500,0.137805,5.448970,15.743
DEBUG:root:406,500,0.076750,4.376408,15.337
DEBUG:root:407,500,0.065245,4.912039,15.508
DEBUG:root:408,500,0.129539,4.790809,15.589
DEBUG:root:409,500,0.196018,4.956695,15.613
DEBUG:root:410,500,0.161953,5.553146,15.364
DEBUG:root:411,500,0.285126,4.902341,15.485
DEBUG:root:412,500,0.109888,5.169076,15.538
DEBUG:root:413,500,0.097816,4.940114,15.266
DEBUG:root:414,500,0.053437,5.294412,15.740
DEBUG:root:415,500,0.102925,5.951206,15.395
DEBUG:root:416,500,0.103591,6.431826,15.552
DEBUG:root:417,500,0.123899,5.601425,15.318
DEBUG:root:418,500,0.216445,5.415443,15.516
DEBUG:root:419,500,0.118574,5.487696,15.465
DEBUG:root:420,500,0.082129,5.942451,15.339
DEBUG:root:421,500,0.082321,6.197603,15.735
DEBUG:root:422,500,0.087986,6.581791,15.424
DEBUG:root:423,500,0.097892,4.971780,15.270
DEBUG:root:424,500,0.107028,5.210671,15.212
DEBUG:root:425,500,0.103526,4.768082,15.248
DEBUG:root:426,500,0.110255,5.926082,15.281
DEBUG:root:427,500,0.083953,6.412859,15.197
DEBUG:root:428,500,0.209467,6.107902,15.220
DEBUG:root:429,500,0.098904,5.857859,15.222
DEBUG:root:430,500,0.053937,5.647241,15.289
DEBUG:root:431,500,0.063699,5.302535,15.205
DEBUG:root:432,500,0.093275,7.169810,15.234
DEBUG:root:433,500,0.103612,4.811940,15.559
DEBUG:root:434,500,0.104696,6.490934,15.818
DEBUG:root:435,500,0.147247,5.805684,15.717
DEBUG:root:436,500,0.057310,6.006360,15.823
DEBUG:root:437,500,0.048428,5.241912,15.717
DEBUG:root:438,500,0.065477,6.506890,15.859
DEBUG:root:439,500,0.087067,5.615242,15.754
DEBUG:root:440,500,0.138464,7.263014,15.813
DEBUG:root:441,500,0.117640,6.072973,15.713
DEBUG:root:442,500,0.074324,5.644812,15.818
DEBUG:root:443,500,0.079942,5.753731,15.691
DEBUG:root:444,500,0.110214,6.695630,15.545
DEBUG:root:445,500,0.042988,5.969964,15.289
DEBUG:root:446,500,0.068812,5.960135,15.627
DEBUG:root:447,500,0.088553,5.564272,15.288
DEBUG:root:448,500,0.081693,5.420230,15.243
DEBUG:root:449,500,0.084402,5.800426,15.260
DEBUG:root:450,500,0.060053,6.876839,15.279
DEBUG:root:451,500,0.121395,6.680340,15.293
DEBUG:root:452,500,0.090102,6.336679,15.292
DEBUG:root:453,500,0.080469,5.908842,15.279
DEBUG:root:454,500,0.061304,6.202127,15.447
DEBUG:root:455,500,0.142853,5.483322,15.297
DEBUG:root:456,500,0.144443,5.628053,15.305
DEBUG:root:457,500,0.069320,5.049089,15.296
DEBUG:root:458,500,0.072366,6.941142,15.288
DEBUG:root:459,500,0.066092,7.313663,15.317
DEBUG:root:460,500,0.072676,6.574378,15.318
DEBUG:root:461,500,0.079848,6.000099,15.310
DEBUG:root:462,500,0.105990,6.159449,15.342
DEBUG:root:463,500,0.063153,5.372772,15.302
DEBUG:root:464,500,0.102163,5.648862,15.339
DEBUG:root:465,500,0.064234,5.670558,15.317
DEBUG:root:466,500,0.104074,6.156417,15.286
DEBUG:root:467,500,0.133799,5.622794,15.257
DEBUG:root:468,500,0.142226,6.092463,15.304
DEBUG:root:469,500,0.084040,5.407221,15.326
DEBUG:root:470,500,0.091128,6.493599,15.219
DEBUG:root:471,500,0.093687,5.353044,15.297
DEBUG:root:472,500,0.126255,5.982993,15.429
DEBUG:root:473,500,0.077909,6.000202,15.576
DEBUG:root:474,500,0.100695,5.487886,15.283
DEBUG:root:475,500,0.095089,6.255221,15.298
DEBUG:root:476,500,0.059468,6.507835,15.291
DEBUG:root:477,500,0.051728,6.449022,15.321
DEBUG:root:478,500,0.062936,5.568615,15.272
DEBUG:root:479,500,0.103928,4.961924,15.359
DEBUG:root:480,500,0.064245,5.361301,15.403
DEBUG:root:481,500,0.145656,6.174289,15.344
DEBUG:root:482,500,0.089081,5.510617,15.263
DEBUG:root:483,500,0.081052,5.989672,15.278
DEBUG:root:484,500,0.093401,7.330028,15.321
DEBUG:root:485,500,0.079149,7.069726,15.342
DEBUG:root:486,500,0.072873,6.587068,15.249
DEBUG:root:487,500,0.100860,5.822381,15.538
DEBUG:root:488,500,0.111518,6.553887,15.774
DEBUG:root:489,500,0.064207,5.946064,15.830
DEBUG:root:490,500,0.056726,5.758537,15.833
DEBUG:root:491,500,0.089668,6.427299,15.787
DEBUG:root:492,500,0.061923,6.496819,15.781
DEBUG:root:493,500,0.048403,7.069433,15.865
DEBUG:root:494,500,0.044771,7.162339,15.828
DEBUG:root:495,500,0.036697,6.509387,15.827
DEBUG:root:496,500,0.125745,7.147740,15.804
DEBUG:root:497,500,0.062792,6.367890,15.821
DEBUG:root:498,500,0.060142,6.131492,15.789
DEBUG:root:499,500,0.118596,6.045100,15.964
DEBUG:root:500,500,0.075896,6.429527,15.803
