DEBUG:root:1,4000,1.348672,0.224653,6.103
DEBUG:root:101,4000,0.565699,0.045181,5.077
DEBUG:root:201,4000,0.208559,0.352812,3.183
DEBUG:root:301,4000,0.195179,0.282255,3.193
DEBUG:root:401,4000,0.247816,0.236364,3.246
DEBUG:root:501,4000,0.239399,0.228617,3.334
DEBUG:root:601,4000,0.266743,0.231782,3.381
DEBUG:root:701,4000,0.252427,0.214612,3.378
DEBUG:root:801,4000,0.238208,0.269239,3.390
DEBUG:root:901,4000,0.242461,0.215787,3.387
DEBUG:root:1001,4000,0.242528,0.223337,3.376
DEBUG:root:1101,4000,0.224987,0.299491,3.405
DEBUG:root:1201,4000,0.247841,0.237527,3.334
DEBUG:root:1301,4000,0.237116,0.250634,3.366
DEBUG:root:1401,4000,0.252109,0.208705,3.342
DEBUG:root:1501,4000,0.263571,0.219486,3.285
DEBUG:root:1601,4000,0.248062,0.240242,3.269
DEBUG:root:1701,4000,0.272621,0.191593,3.273
DEBUG:root:1801,4000,0.253853,0.211297,3.264
DEBUG:root:1901,4000,0.253873,0.237682,3.239
DEBUG:root:2001,4000,0.254341,0.233825,3.221
DEBUG:root:2101,4000,0.246807,0.296171,3.214
DEBUG:root:2201,4000,0.252643,0.240277,3.201
DEBUG:root:2301,4000,0.266807,0.231238,3.267
DEBUG:root:2401,4000,0.250839,0.238793,3.189
DEBUG:root:2501,4000,0.265579,0.239815,3.174
DEBUG:root:2601,4000,0.258687,0.222362,3.242
DEBUG:root:2701,4000,0.255346,0.209708,3.235
DEBUG:root:2801,4000,0.259970,0.215577,3.194
DEBUG:root:2901,4000,0.259783,0.231515,3.224
DEBUG:root:3001,4000,0.269744,0.217977,3.237
DEBUG:root:3101,4000,0.245361,0.252727,3.244
DEBUG:root:3201,4000,0.273946,0.230559,3.299
DEBUG:root:3301,4000,0.248451,0.248176,3.236
DEBUG:root:3401,4000,0.256244,0.221289,3.160
DEBUG:root:3501,4000,0.249189,0.234194,3.167
DEBUG:root:3601,4000,0.271811,0.185468,3.154
DEBUG:root:3701,4000,0.251117,0.251709,3.170
DEBUG:root:3801,4000,0.246069,0.251771,3.173
DEBUG:root:3901,4000,0.254913,0.233775,3.173
DEBUG:root:1,8000,0.244945,0.257444,6.374
DEBUG:root:101,8000,0.216941,0.233655,12.114
DEBUG:root:201,8000,0.260982,0.147080,10.460
DEBUG:root:301,8000,0.259128,0.223990,10.430
DEBUG:root:401,8000,0.241622,0.256348,10.445
DEBUG:root:501,8000,0.263535,0.253345,10.768
DEBUG:root:601,8000,0.250073,0.266117,10.467
DEBUG:root:701,8000,0.247700,0.189369,10.462
DEBUG:root:801,8000,0.240406,0.241582,10.474
DEBUG:root:901,8000,0.256140,0.221005,10.476
DEBUG:root:1001,8000,0.249306,0.227264,10.469
DEBUG:root:1101,8000,0.251523,0.192916,10.477
DEBUG:root:1201,8000,0.243497,0.298727,10.486
DEBUG:root:1301,8000,0.249242,0.185009,10.475
DEBUG:root:1401,8000,0.242611,0.196298,10.462
DEBUG:root:1501,8000,0.248389,0.257465,10.509
DEBUG:root:1601,8000,0.242927,0.325447,10.447
DEBUG:root:1701,8000,0.237192,0.249980,10.466
DEBUG:root:1801,8000,0.246394,0.219361,10.527
DEBUG:root:1901,8000,0.249659,0.242145,10.471
DEBUG:root:2001,8000,0.247900,0.175610,10.470
DEBUG:root:2101,8000,0.236577,0.330330,10.490
DEBUG:root:2201,8000,0.226538,0.364458,10.484
DEBUG:root:2301,8000,0.245703,0.399705,10.494
DEBUG:root:2401,8000,0.258251,0.200949,10.481
DEBUG:root:2501,8000,0.257319,0.171040,10.449
DEBUG:root:2601,8000,0.225913,0.219040,10.470
DEBUG:root:2701,8000,0.266603,0.213015,10.483
DEBUG:root:2801,8000,0.235411,0.264794,10.496
DEBUG:root:2901,8000,0.275226,0.166374,10.504
DEBUG:root:3001,8000,0.220649,0.203566,10.481
DEBUG:root:3101,8000,0.209052,0.242262,10.468
DEBUG:root:3201,8000,0.222599,0.266035,10.485
DEBUG:root:3301,8000,0.226297,0.264793,10.470
DEBUG:root:3401,8000,0.272073,0.153456,10.496
DEBUG:root:3501,8000,0.224236,0.219029,10.537
DEBUG:root:3601,8000,0.228574,0.277367,10.485
DEBUG:root:3701,8000,0.248888,0.187377,10.476
DEBUG:root:3801,8000,0.194376,0.339109,10.505
DEBUG:root:3901,8000,0.210769,0.276657,10.499
DEBUG:root:4001,8000,0.222467,0.261858,10.490
DEBUG:root:4101,8000,0.219624,0.290774,10.500
DEBUG:root:4201,8000,0.189939,0.300276,10.475
DEBUG:root:4301,8000,0.237205,0.219717,10.515
DEBUG:root:4401,8000,0.215173,0.282633,10.478
DEBUG:root:4501,8000,0.221949,0.223628,10.496
DEBUG:root:4601,8000,0.242403,0.182170,10.622
DEBUG:root:4701,8000,0.215050,0.242717,10.522
DEBUG:root:4801,8000,0.229124,0.262528,10.500
DEBUG:root:4901,8000,0.244470,0.255019,10.534
DEBUG:root:5001,8000,0.211374,0.351967,10.525
DEBUG:root:5101,8000,0.243427,0.192677,10.511
DEBUG:root:5201,8000,0.221045,0.238891,10.233
DEBUG:root:5301,8000,0.203280,0.263116,10.233
DEBUG:root:5401,8000,0.238455,0.257373,10.228
DEBUG:root:5501,8000,0.213242,0.301502,10.257
DEBUG:root:5601,8000,0.200155,0.320860,10.227
DEBUG:root:5701,8000,0.281669,0.166872,10.209
DEBUG:root:5801,8000,0.232293,0.377601,10.241
DEBUG:root:5901,8000,0.270351,0.168368,10.291
DEBUG:root:6001,8000,0.229330,0.212697,10.261
DEBUG:root:6101,8000,0.229340,0.254377,10.241
DEBUG:root:6201,8000,0.254980,0.221182,10.271
DEBUG:root:6301,8000,0.220464,0.265379,10.253
DEBUG:root:6401,8000,0.266146,0.185921,10.264
DEBUG:root:6501,8000,0.225000,0.204706,10.243
DEBUG:root:6601,8000,0.233280,0.328667,10.255
DEBUG:root:6701,8000,0.227570,0.248266,10.269
DEBUG:root:6801,8000,0.219164,0.252101,10.279
DEBUG:root:6901,8000,0.227372,0.246257,10.275
DEBUG:root:7001,8000,0.265337,0.205238,10.301
DEBUG:root:7101,8000,0.217531,0.351594,10.283
DEBUG:root:7201,8000,0.205743,0.291441,10.320
DEBUG:root:7301,8000,0.234433,0.213645,10.288
DEBUG:root:7401,8000,0.242519,0.306926,10.333
DEBUG:root:7501,8000,0.247193,0.150762,10.321
DEBUG:root:7601,8000,0.204542,0.284090,10.315
DEBUG:root:7701,8000,0.235918,0.279331,10.326
DEBUG:root:7801,8000,0.223003,0.242964,10.356
DEBUG:root:7901,8000,0.215994,0.267406,10.349
DEBUG:root:1,16000,0.220181,0.238138,7.124
DEBUG:root:101,16000,0.232411,0.222158,31.706
DEBUG:root:201,16000,0.218174,0.204677,29.929
DEBUG:root:301,16000,0.200779,0.487292,30.131
DEBUG:root:401,16000,0.228621,0.204020,31.638
DEBUG:root:501,16000,0.202950,0.404981,31.501
DEBUG:root:601,16000,0.211809,0.291116,31.585
DEBUG:root:701,16000,0.213335,0.311796,31.761
DEBUG:root:801,16000,0.220798,0.397918,31.778
DEBUG:root:901,16000,0.217407,0.302653,31.779
DEBUG:root:1001,16000,0.238137,0.255871,31.744
DEBUG:root:1101,16000,0.255677,0.236061,31.751
DEBUG:root:1201,16000,0.238638,0.191138,31.906
DEBUG:root:1301,16000,0.226153,0.316985,31.788
DEBUG:root:1401,16000,0.242194,0.237963,31.755
DEBUG:root:1501,16000,0.196446,0.256357,31.705
DEBUG:root:1601,16000,0.208472,0.223076,31.768
DEBUG:root:1701,16000,0.192238,0.239170,31.674
DEBUG:root:1801,16000,0.187319,0.378439,31.670
DEBUG:root:1901,16000,0.201884,0.303116,31.730
DEBUG:root:2001,16000,0.218520,0.492819,31.742
DEBUG:root:2101,16000,0.243089,0.230160,32.211
DEBUG:root:2201,16000,0.185323,0.323573,32.545
DEBUG:root:2301,16000,0.194181,0.289927,33.083
DEBUG:root:2401,16000,0.216553,0.247351,32.838
DEBUG:root:2501,16000,0.230548,0.215564,31.625
DEBUG:root:2601,16000,0.207966,0.357199,30.770
DEBUG:root:2701,16000,0.227046,0.221956,30.956
DEBUG:root:2801,16000,0.217121,0.239908,31.066
DEBUG:root:2901,16000,0.204670,0.263085,31.148
DEBUG:root:3001,16000,0.222580,0.247310,31.170
DEBUG:root:3101,16000,0.190147,0.331111,31.332
DEBUG:root:3201,16000,0.173162,0.468515,31.364
DEBUG:root:3301,16000,0.188383,0.412232,31.260
DEBUG:root:3401,16000,0.223875,0.221833,31.223
DEBUG:root:3501,16000,0.204040,0.412837,31.258
DEBUG:root:3601,16000,0.275120,0.155940,31.383
DEBUG:root:3701,16000,0.266513,0.475994,31.307
DEBUG:root:3801,16000,0.226910,0.256267,31.304
DEBUG:root:3901,16000,0.185007,0.403531,31.508
DEBUG:root:4001,16000,0.175794,0.278490,31.379
DEBUG:root:4101,16000,0.193183,0.416873,31.451
DEBUG:root:4201,16000,0.204747,0.276451,31.372
DEBUG:root:4301,16000,0.156667,0.360835,31.327
DEBUG:root:4401,16000,0.201589,0.419766,31.504
DEBUG:root:4501,16000,0.180652,0.350261,31.440
DEBUG:root:4601,16000,0.272620,0.169342,31.611
DEBUG:root:4701,16000,0.195807,0.261166,31.542
DEBUG:root:4801,16000,0.204386,0.341323,31.718
DEBUG:root:4901,16000,0.212328,0.208477,31.559
DEBUG:root:5001,16000,0.207268,0.209698,31.666
DEBUG:root:5101,16000,0.230453,0.213042,31.532
DEBUG:root:5201,16000,0.221459,0.215755,31.628
DEBUG:root:5301,16000,0.169613,0.379251,31.514
DEBUG:root:5401,16000,0.235793,0.209666,31.599
DEBUG:root:5501,16000,0.224916,0.217859,31.607
DEBUG:root:5601,16000,0.187944,0.482825,31.722
DEBUG:root:5701,16000,0.236583,0.507077,31.748
DEBUG:root:5801,16000,0.169569,0.416011,31.870
DEBUG:root:5901,16000,0.177622,0.270493,31.739
DEBUG:root:6001,16000,0.214367,0.349182,31.754
DEBUG:root:6101,16000,0.160780,0.415948,31.760
DEBUG:root:6201,16000,0.179181,0.265508,31.744
DEBUG:root:6301,16000,0.192636,0.346520,31.673
DEBUG:root:6401,16000,0.188745,0.273007,31.714
DEBUG:root:6501,16000,0.165557,0.319229,31.509
DEBUG:root:6601,16000,0.182693,0.284752,31.601
DEBUG:root:6701,16000,0.188367,0.270738,31.739
DEBUG:root:6801,16000,0.176760,0.382228,31.702
DEBUG:root:6901,16000,0.216404,0.224692,31.800
DEBUG:root:7001,16000,0.188354,0.254525,31.773
DEBUG:root:7101,16000,0.185944,0.324803,31.749
DEBUG:root:7201,16000,0.151210,0.367255,31.620
DEBUG:root:7301,16000,0.154569,0.413565,31.680
DEBUG:root:7401,16000,0.191138,0.312953,31.698
DEBUG:root:7501,16000,0.176400,0.270107,31.605
DEBUG:root:7601,16000,0.192561,0.265038,31.722
DEBUG:root:7701,16000,0.159352,0.364269,31.751
DEBUG:root:7801,16000,0.145277,0.404182,31.717
DEBUG:root:7901,16000,0.178442,0.453429,31.689
DEBUG:root:8001,16000,0.147683,0.414998,31.810
DEBUG:root:8101,16000,0.131557,0.501848,31.955
DEBUG:root:8201,16000,0.179002,0.361284,31.807
DEBUG:root:8301,16000,0.175661,0.285331,31.727
DEBUG:root:8401,16000,0.167080,0.314986,31.750
DEBUG:root:8501,16000,0.151243,0.472611,31.616
DEBUG:root:8601,16000,0.155806,0.367914,31.677
DEBUG:root:8701,16000,0.150057,0.359208,31.753
DEBUG:root:8801,16000,0.136888,0.412504,31.730
DEBUG:root:8901,16000,0.158501,0.363376,31.715
DEBUG:root:9001,16000,0.168260,0.311771,31.538
DEBUG:root:9101,16000,0.154274,0.336849,31.619
DEBUG:root:9201,16000,0.218470,0.211405,31.630
DEBUG:root:9301,16000,0.182268,0.321277,31.625
DEBUG:root:9401,16000,0.152111,0.560463,31.609
DEBUG:root:9501,16000,0.183283,0.296290,31.706
DEBUG:root:9601,16000,0.191387,0.252970,31.780
DEBUG:root:9701,16000,0.152617,0.498332,31.639
DEBUG:root:9801,16000,0.132356,0.453725,31.698
DEBUG:root:9901,16000,0.158978,0.536987,31.767
DEBUG:root:10001,16000,0.139168,0.429921,31.728
DEBUG:root:10101,16000,0.141813,0.435819,31.802
DEBUG:root:10201,16000,0.147359,0.361035,31.716
DEBUG:root:10301,16000,0.158136,0.341343,31.754
DEBUG:root:10401,16000,0.165607,0.326100,30.244
DEBUG:root:10501,16000,0.214534,0.226882,29.970
DEBUG:root:10601,16000,0.214313,0.237030,30.110
DEBUG:root:10701,16000,0.188960,0.279600,30.369
DEBUG:root:10801,16000,0.199638,0.236507,30.389
DEBUG:root:10901,16000,0.197330,0.318524,30.562
DEBUG:root:11001,16000,0.142547,0.444836,30.503
DEBUG:root:11101,16000,0.163353,0.472744,30.702
DEBUG:root:11201,16000,0.162813,0.390153,30.927
DEBUG:root:11301,16000,0.206461,0.228217,30.854
DEBUG:root:11401,16000,0.159256,0.345572,31.121
DEBUG:root:11501,16000,0.184374,0.245742,31.133
DEBUG:root:11601,16000,0.184997,0.260824,31.125
DEBUG:root:11701,16000,0.139154,0.403828,31.181
DEBUG:root:11801,16000,0.170005,0.313179,31.161
DEBUG:root:11901,16000,0.168254,0.384806,31.103
DEBUG:root:12001,16000,0.166861,0.342654,31.127
DEBUG:root:12101,16000,0.199191,0.243824,31.143
DEBUG:root:12201,16000,0.154129,0.406024,31.183
DEBUG:root:12301,16000,0.182501,0.270801,31.363
DEBUG:root:12401,16000,0.177073,0.347367,31.242
DEBUG:root:12501,16000,0.146572,0.452947,31.277
DEBUG:root:12601,16000,0.160954,0.340856,31.242
DEBUG:root:12701,16000,0.157406,0.313431,31.539
DEBUG:root:12801,16000,0.119748,0.431845,31.179
DEBUG:root:12901,16000,0.160304,0.354683,31.084
DEBUG:root:13001,16000,0.187467,0.317019,31.191
DEBUG:root:13101,16000,0.140033,0.422237,31.163
DEBUG:root:13201,16000,0.132356,0.387324,30.949
DEBUG:root:13301,16000,0.216849,0.205370,31.190
DEBUG:root:13401,16000,0.171880,0.298373,31.245
DEBUG:root:13501,16000,0.178113,0.363578,31.443
DEBUG:root:13601,16000,0.175838,0.285407,31.296
DEBUG:root:13701,16000,0.176807,0.292175,31.313
DEBUG:root:13801,16000,0.135806,0.503971,31.274
DEBUG:root:13901,16000,0.148448,0.427376,31.235
DEBUG:root:14001,16000,0.175023,0.335575,31.393
DEBUG:root:14101,16000,0.163145,0.344944,31.577
DEBUG:root:14201,16000,0.167343,0.555245,31.627
DEBUG:root:14301,16000,0.182023,0.282358,31.645
DEBUG:root:14401,16000,0.173799,0.425108,31.504
DEBUG:root:14501,16000,0.138091,0.473112,32.392
DEBUG:root:14601,16000,0.142659,0.434763,31.812
DEBUG:root:14701,16000,0.145716,0.458174,31.421
DEBUG:root:14801,16000,0.147419,0.477192,31.383
DEBUG:root:14901,16000,0.159475,0.374824,31.451
DEBUG:root:15001,16000,0.171430,0.318321,31.447
DEBUG:root:15101,16000,0.141805,0.378165,31.400
DEBUG:root:15201,16000,0.166346,0.421867,31.407
DEBUG:root:15301,16000,0.207773,0.227462,31.408
DEBUG:root:15401,16000,0.151855,0.589229,31.410
DEBUG:root:15501,16000,0.163773,0.281034,31.410
DEBUG:root:15601,16000,0.154889,0.566010,31.558
DEBUG:root:15701,16000,0.188014,0.285731,31.412
DEBUG:root:15801,16000,0.151999,0.338059,31.395
DEBUG:root:15901,16000,0.153564,0.348080,31.600
DEBUG:root:1,32000,0.134661,0.497554,7.885
DEBUG:root:101,32000,0.179017,0.332037,81.545
DEBUG:root:201,32000,0.188820,0.300151,79.781
DEBUG:root:301,32000,0.164862,0.486573,80.948
DEBUG:root:401,32000,0.178476,0.660908,83.037
DEBUG:root:501,32000,0.130612,0.362644,79.925
DEBUG:root:601,32000,0.129694,0.442976,80.048
DEBUG:root:701,32000,0.152020,0.351820,79.978
DEBUG:root:801,32000,0.119460,0.434452,80.241
DEBUG:root:901,32000,0.224560,0.205669,80.088
DEBUG:root:1001,32000,0.156142,0.575667,80.112
DEBUG:root:1101,32000,0.157822,0.351296,80.231
DEBUG:root:1201,32000,0.190425,0.258716,80.024
DEBUG:root:1301,32000,0.173797,0.308633,79.948
DEBUG:root:1401,32000,0.165051,0.353220,79.660
DEBUG:root:1501,32000,0.175286,0.286474,79.897
DEBUG:root:1601,32000,0.127427,0.431800,80.053
DEBUG:root:1701,32000,0.136604,0.403366,80.153
DEBUG:root:1801,32000,0.155382,0.349445,80.017
DEBUG:root:1901,32000,0.151466,0.346370,80.111
DEBUG:root:2001,32000,0.101745,0.604174,79.635
DEBUG:root:2101,32000,0.140482,0.380637,80.189
DEBUG:root:2201,32000,0.239330,0.191249,765.394
DEBUG:root:2301,32000,0.132094,0.525560,88.415
DEBUG:root:2401,32000,0.152294,0.377767,88.158
DEBUG:root:2501,32000,0.164223,0.299438,86.926
DEBUG:root:2601,32000,0.152924,0.475224,88.163
DEBUG:root:2701,32000,0.129322,0.462065,89.094
DEBUG:root:2801,32000,0.162395,0.322011,88.474
DEBUG:root:2901,32000,0.136231,0.396384,88.787
DEBUG:root:3001,32000,0.128576,0.401321,88.911
DEBUG:root:3101,32000,0.098853,0.466060,88.884
DEBUG:root:3201,32000,0.122099,0.529276,89.465
DEBUG:root:3301,32000,0.157350,0.605686,88.956
DEBUG:root:3401,32000,0.142961,0.334050,89.111
DEBUG:root:3501,32000,0.137221,0.442319,88.964
DEBUG:root:3601,32000,0.139261,0.558687,87.232
DEBUG:root:3701,32000,0.182937,0.250033,89.313
DEBUG:root:3801,32000,0.125628,0.497498,88.422
DEBUG:root:3901,32000,0.128466,0.494895,88.749
DEBUG:root:4001,32000,0.143679,0.563216,88.819
DEBUG:root:4101,32000,0.148189,0.361169,88.506
DEBUG:root:4201,32000,0.149948,0.354105,88.470
DEBUG:root:4301,32000,0.121601,0.460831,88.438
DEBUG:root:4401,32000,0.159380,0.319649,88.839
DEBUG:root:4501,32000,0.113307,0.478903,88.203
DEBUG:root:4601,32000,0.130934,0.465849,89.619
DEBUG:root:4701,32000,0.141753,0.605945,88.723
DEBUG:root:4801,32000,0.138101,0.397715,87.190
DEBUG:root:4901,32000,0.103889,0.561760,88.414
DEBUG:root:5001,32000,0.225116,0.194078,89.137
DEBUG:root:5101,32000,0.138905,0.358850,88.583
DEBUG:root:5201,32000,0.160621,0.299952,88.808
DEBUG:root:5301,32000,0.153766,0.327605,90.036
DEBUG:root:5401,32000,0.122463,0.382826,88.428
DEBUG:root:5501,32000,0.134319,0.624073,88.926
DEBUG:root:5601,32000,0.117331,0.425726,88.627
DEBUG:root:5701,32000,0.145702,0.435243,88.438
DEBUG:root:5801,32000,0.113804,0.465397,89.380
DEBUG:root:5901,32000,0.136349,0.379651,88.374
DEBUG:root:6001,32000,0.123325,0.402936,88.545
DEBUG:root:6101,32000,0.118305,0.425207,89.049
DEBUG:root:6201,32000,0.112846,0.439834,89.507
DEBUG:root:6301,32000,0.147574,0.322334,89.916
DEBUG:root:6401,32000,0.117497,0.483705,89.310
DEBUG:root:6501,32000,0.097544,0.452995,88.104
DEBUG:root:6601,32000,0.142430,0.673215,88.924
DEBUG:root:6701,32000,0.116984,0.564893,88.300
DEBUG:root:6801,32000,0.125799,0.614819,88.287
DEBUG:root:6901,32000,0.166935,0.287174,88.506
DEBUG:root:7001,32000,0.122804,0.413338,88.629
DEBUG:root:7101,32000,0.130044,0.399196,89.194
DEBUG:root:7201,32000,0.126550,0.374664,89.458
DEBUG:root:7301,32000,0.126896,0.400721,88.841
DEBUG:root:7401,32000,0.134099,0.575162,88.999
DEBUG:root:7501,32000,0.098961,0.533816,88.983
DEBUG:root:7601,32000,0.122297,0.482986,88.999
DEBUG:root:7701,32000,0.103645,0.518638,89.121
DEBUG:root:7801,32000,0.181878,0.260319,88.359
DEBUG:root:7901,32000,0.182299,0.258909,88.347
DEBUG:root:8001,32000,0.147284,0.321312,88.786
DEBUG:root:8101,32000,0.108436,0.509096,89.193
DEBUG:root:8201,32000,0.150705,0.377946,88.541
DEBUG:root:8301,32000,0.124364,0.411789,88.169
DEBUG:root:8401,32000,0.167671,0.289630,88.549
DEBUG:root:8501,32000,0.178490,0.260832,88.465
DEBUG:root:8601,32000,0.150588,0.315469,88.956
DEBUG:root:8701,32000,0.124210,0.456537,88.870
DEBUG:root:8801,32000,0.106382,0.438363,88.619
DEBUG:root:8901,32000,0.139234,0.353171,88.812
DEBUG:root:9001,32000,0.090927,0.521132,88.704
DEBUG:root:9101,32000,0.099707,0.544696,88.296
DEBUG:root:9201,32000,0.152383,0.325349,88.508
DEBUG:root:9301,32000,0.128879,0.423208,88.634
DEBUG:root:9401,32000,0.118978,0.468600,88.607
DEBUG:root:9501,32000,0.122140,0.406455,88.660
DEBUG:root:9601,32000,0.136448,0.437182,88.236
DEBUG:root:9701,32000,0.133111,0.474065,88.212
DEBUG:root:9801,32000,0.101217,0.539026,88.459
DEBUG:root:9901,32000,0.148080,0.360493,88.405
DEBUG:root:10001,32000,0.111943,0.428871,88.483
DEBUG:root:10101,32000,0.110588,0.621385,89.116
DEBUG:root:10201,32000,0.143042,0.616995,88.603
DEBUG:root:10301,32000,0.171448,0.307913,88.751
DEBUG:root:10401,32000,0.134498,0.363372,88.894
DEBUG:root:10501,32000,0.096238,0.512595,86.584
DEBUG:root:10601,32000,0.128135,0.489149,86.861
DEBUG:root:10701,32000,0.139170,0.510507,87.207
DEBUG:root:10801,32000,0.093637,0.522760,86.790
DEBUG:root:10901,32000,0.124111,0.375718,87.408
DEBUG:root:11001,32000,0.243072,0.523269,87.992
DEBUG:root:11101,32000,0.105921,0.560529,87.747
DEBUG:root:11201,32000,0.123697,0.494741,87.609
DEBUG:root:11301,32000,0.102478,0.488750,88.736
DEBUG:root:11401,32000,0.094089,0.486204,88.818
DEBUG:root:11501,32000,0.104282,0.643852,88.553
DEBUG:root:11601,32000,0.143400,0.342980,88.770
DEBUG:root:11701,32000,0.102510,0.637823,88.620
DEBUG:root:11801,32000,0.140790,0.332603,88.923
DEBUG:root:11901,32000,0.090840,0.517299,88.784
DEBUG:root:12001,32000,0.169119,0.728120,88.867
DEBUG:root:12101,32000,0.135893,0.640025,88.658
DEBUG:root:12201,32000,0.122777,0.502819,88.362
DEBUG:root:12301,32000,0.135483,0.373467,88.744
DEBUG:root:12401,32000,0.135169,0.352371,88.956
DEBUG:root:12501,32000,0.159590,0.319774,88.782
DEBUG:root:12601,32000,0.118687,0.390294,88.640
DEBUG:root:12701,32000,0.097739,0.502541,88.604
DEBUG:root:12801,32000,0.139665,0.866155,88.772
DEBUG:root:12901,32000,0.125710,0.416471,88.788
DEBUG:root:13001,32000,0.145375,0.336040,89.176
DEBUG:root:13101,32000,0.110994,0.424056,88.620
DEBUG:root:13201,32000,0.121835,0.444975,89.010
DEBUG:root:13301,32000,0.159168,0.288088,89.468
DEBUG:root:13401,32000,0.098469,0.472547,90.724
DEBUG:root:13501,32000,0.145752,0.330302,89.379
DEBUG:root:13601,32000,0.116198,0.396373,88.935
DEBUG:root:13701,32000,0.183186,0.239492,89.641
DEBUG:root:13801,32000,0.122520,0.599461,89.375
DEBUG:root:13901,32000,0.106429,0.636384,89.734
DEBUG:root:14001,32000,0.125817,0.444141,89.446
DEBUG:root:14101,32000,0.108531,0.525609,89.333
DEBUG:root:14201,32000,0.125469,0.373348,89.291
DEBUG:root:14301,32000,0.101292,0.517113,89.209
DEBUG:root:14401,32000,0.122134,0.400764,89.675
DEBUG:root:14501,32000,0.108252,0.507966,88.969
DEBUG:root:14601,32000,0.185557,0.236334,87.933
DEBUG:root:14701,32000,0.127262,0.403465,87.780
DEBUG:root:14801,32000,0.110965,0.468449,88.460
DEBUG:root:14901,32000,0.098319,0.505374,88.519
DEBUG:root:15001,32000,0.190302,0.263403,88.279
DEBUG:root:15101,32000,0.083611,0.609800,88.783
DEBUG:root:15201,32000,0.215253,0.231825,88.434
DEBUG:root:15301,32000,0.149439,0.322836,88.416
DEBUG:root:15401,32000,0.106205,0.485291,88.452
DEBUG:root:15501,32000,0.100228,0.413811,88.330
DEBUG:root:15601,32000,0.147295,0.337298,88.847
DEBUG:root:15701,32000,0.116620,0.384409,88.582
DEBUG:root:15801,32000,0.082902,0.532153,88.617
DEBUG:root:15901,32000,0.101314,0.469460,88.461
DEBUG:root:16001,32000,0.112889,0.858049,88.589
DEBUG:root:16101,32000,0.150701,0.317539,87.843
DEBUG:root:16201,32000,0.132003,0.375480,89.689
DEBUG:root:16301,32000,0.128319,0.359312,89.856
DEBUG:root:16401,32000,0.100958,0.452935,89.484
DEBUG:root:16501,32000,0.137504,0.365880,89.366
DEBUG:root:16601,32000,0.107036,0.512550,88.968
DEBUG:root:16701,32000,0.122040,0.407853,89.411
DEBUG:root:16801,32000,0.100391,0.473849,88.664
DEBUG:root:16901,32000,0.099142,0.430595,89.077
DEBUG:root:17001,32000,0.083989,0.509319,84.977
DEBUG:root:17101,32000,0.100753,0.497965,85.013
DEBUG:root:17201,32000,0.123157,0.399225,85.744
DEBUG:root:17301,32000,0.129008,0.760014,85.680
DEBUG:root:17401,32000,0.074034,0.709309,85.451
DEBUG:root:17501,32000,0.112924,0.440496,85.916
DEBUG:root:17601,32000,0.123231,0.394946,85.931
DEBUG:root:17701,32000,0.148325,0.322677,85.746
DEBUG:root:17801,32000,0.092240,0.496674,85.728
DEBUG:root:17901,32000,0.142494,0.382290,86.274
DEBUG:root:18001,32000,0.111160,0.416470,86.203
DEBUG:root:18101,32000,0.090420,0.478446,86.783
DEBUG:root:18201,32000,0.102776,0.447161,86.026
DEBUG:root:18301,32000,0.116367,0.698902,87.314
DEBUG:root:18401,32000,0.140528,0.332759,86.609
DEBUG:root:18501,32000,0.144305,0.368494,86.729
DEBUG:root:18601,32000,0.098404,0.771941,88.067
DEBUG:root:18701,32000,0.106339,0.492815,87.784
DEBUG:root:18801,32000,0.102429,0.487856,88.191
DEBUG:root:18901,32000,0.136475,0.338486,88.244
DEBUG:root:19001,32000,0.095603,0.493270,88.277
DEBUG:root:19101,32000,0.108675,0.623239,87.966
DEBUG:root:19201,32000,0.073914,0.728157,87.783
DEBUG:root:19301,32000,0.118662,0.702591,89.132
DEBUG:root:19401,32000,0.153687,0.300439,92.929
DEBUG:root:19501,32000,0.125922,0.373369,89.172
DEBUG:root:19601,32000,0.100801,0.498147,87.676
DEBUG:root:19701,32000,0.121217,0.360126,88.794
DEBUG:root:19801,32000,0.128079,0.340137,87.403
DEBUG:root:19901,32000,0.113798,0.411485,87.607
DEBUG:root:20001,32000,0.114481,0.424513,88.229
DEBUG:root:20101,32000,0.116943,0.379328,88.165
DEBUG:root:20201,32000,0.071098,0.618014,88.611
DEBUG:root:20301,32000,0.134116,0.469401,88.380
DEBUG:root:20401,32000,0.129350,0.385211,88.649
DEBUG:root:20501,32000,0.115914,0.425035,88.741
DEBUG:root:20601,32000,0.088637,0.587443,88.472
DEBUG:root:20701,32000,0.098825,0.446564,88.372
DEBUG:root:20801,32000,0.102253,0.424802,88.587
DEBUG:root:20901,32000,0.101394,0.434641,88.337
DEBUG:root:21001,32000,0.150097,0.323885,88.596
DEBUG:root:21101,32000,0.118853,0.394547,88.888
DEBUG:root:21201,32000,0.110698,0.453115,88.950
DEBUG:root:21301,32000,0.090156,0.480323,88.399
DEBUG:root:21401,32000,0.091119,0.537928,88.518
DEBUG:root:21501,32000,0.138858,0.656864,88.479
DEBUG:root:21601,32000,0.087791,0.550144,89.797
DEBUG:root:21701,32000,0.095756,0.532247,89.161
DEBUG:root:21801,32000,0.112160,0.413309,88.666
DEBUG:root:21901,32000,0.082770,0.516526,89.466
DEBUG:root:22001,32000,0.075726,0.557957,89.096
DEBUG:root:22101,32000,0.230368,0.246513,88.936
DEBUG:root:22201,32000,0.097100,0.623338,89.738
DEBUG:root:22301,32000,0.098764,0.651203,88.918
DEBUG:root:22401,32000,0.111835,0.736529,88.783
DEBUG:root:22501,32000,0.101945,0.508817,88.952
DEBUG:root:22601,32000,0.101297,0.435999,88.844
DEBUG:root:22701,32000,0.105404,0.792045,88.983
DEBUG:root:22801,32000,0.091938,0.517132,88.805
DEBUG:root:22901,32000,0.118334,0.375613,88.960
DEBUG:root:23001,32000,0.098734,0.496036,88.532
DEBUG:root:23101,32000,0.108491,0.393633,89.544
DEBUG:root:23201,32000,0.182646,0.781807,89.544
DEBUG:root:23301,32000,0.107646,0.597018,88.436
DEBUG:root:23401,32000,0.101420,0.524294,89.258
DEBUG:root:23501,32000,0.094282,0.492978,88.983
DEBUG:root:23601,32000,0.101488,0.447943,89.210
DEBUG:root:23701,32000,0.066375,0.640519,88.761
DEBUG:root:23801,32000,0.134486,0.344870,89.126
DEBUG:root:23901,32000,0.155400,0.281937,89.016
DEBUG:root:24001,32000,0.096522,0.650174,91.139
DEBUG:root:24101,32000,0.100070,0.684602,89.656
DEBUG:root:24201,32000,0.116246,0.383929,89.346
DEBUG:root:24301,32000,0.109233,0.449723,89.440
DEBUG:root:24401,32000,0.210379,0.219140,89.863
DEBUG:root:24501,32000,0.155592,0.295989,89.549
DEBUG:root:24601,32000,0.114601,0.540379,89.732
DEBUG:root:24701,32000,0.120897,0.434980,89.232
DEBUG:root:24801,32000,0.108021,0.469545,89.928
DEBUG:root:24901,32000,0.174555,0.289419,89.807
DEBUG:root:25001,32000,0.164743,0.305292,89.805
DEBUG:root:25101,32000,0.109145,0.482898,89.364
DEBUG:root:25201,32000,0.099478,0.462265,89.459
DEBUG:root:25301,32000,0.127274,0.382748,89.536
DEBUG:root:25401,32000,0.122831,0.522272,89.364
DEBUG:root:25501,32000,0.079879,0.510000,89.595
DEBUG:root:25601,32000,0.079667,0.579204,89.465
DEBUG:root:25701,32000,0.102563,0.429606,89.665
DEBUG:root:25801,32000,0.075840,0.512526,89.916
DEBUG:root:25901,32000,0.094514,0.468753,90.080
DEBUG:root:26001,32000,0.112917,0.420924,89.780
DEBUG:root:26101,32000,0.091218,0.470154,90.091
DEBUG:root:26201,32000,0.180525,0.306204,90.407
DEBUG:root:26301,32000,0.129212,0.355633,89.793
DEBUG:root:26401,32000,0.092809,0.537183,89.788
DEBUG:root:26501,32000,0.090681,0.579471,89.376
DEBUG:root:26601,32000,0.099409,0.485269,89.271
DEBUG:root:26701,32000,0.128945,0.362068,89.579
DEBUG:root:26801,32000,0.068921,0.572838,89.209
DEBUG:root:26901,32000,0.128333,0.408401,89.188
DEBUG:root:27001,32000,0.127528,0.829173,89.276
DEBUG:root:27101,32000,0.067510,0.800712,89.371
DEBUG:root:27201,32000,0.101734,0.477100,89.839
DEBUG:root:27301,32000,0.132464,0.339938,89.254
DEBUG:root:27401,32000,0.121361,0.422509,89.197
DEBUG:root:27501,32000,0.099198,0.516752,89.285
DEBUG:root:27601,32000,0.109561,0.432153,89.784
DEBUG:root:27701,32000,0.091832,0.595411,88.997
DEBUG:root:27801,32000,0.113756,0.415004,89.570
DEBUG:root:27901,32000,0.091135,0.516687,89.655
DEBUG:root:28001,32000,0.159649,0.351548,89.710
DEBUG:root:28101,32000,0.099359,0.654860,89.465
DEBUG:root:28201,32000,0.096240,0.698614,89.461
DEBUG:root:28301,32000,0.099864,0.458626,89.292
DEBUG:root:28401,32000,0.093856,0.512721,90.336
DEBUG:root:28501,32000,0.092172,0.621612,90.060
DEBUG:root:28601,32000,0.093386,0.493778,89.692
DEBUG:root:28701,32000,0.101621,0.726720,89.782
DEBUG:root:28801,32000,0.115749,0.405807,89.615
DEBUG:root:28901,32000,0.089248,0.628873,89.399
DEBUG:root:29001,32000,0.103291,0.817554,89.515
DEBUG:root:29101,32000,0.120714,0.342811,89.565
DEBUG:root:29201,32000,0.117480,0.432982,89.867
DEBUG:root:29301,32000,0.083718,0.723326,89.736
DEBUG:root:29401,32000,0.109208,0.473794,89.474
DEBUG:root:29501,32000,0.129935,0.351918,89.518
DEBUG:root:29601,32000,0.080139,0.602981,89.037
DEBUG:root:29701,32000,0.075258,0.602392,89.113
DEBUG:root:29801,32000,0.113982,0.439180,89.405
DEBUG:root:29901,32000,0.160492,0.303661,89.187
DEBUG:root:30001,32000,0.098226,0.775123,89.677
DEBUG:root:30101,32000,0.094281,0.490743,89.628
DEBUG:root:30201,32000,0.114233,0.549889,89.635
DEBUG:root:30301,32000,0.111087,0.741623,89.380
DEBUG:root:30401,32000,0.103969,0.441362,89.592
DEBUG:root:30501,32000,0.091131,0.497357,90.009
DEBUG:root:30601,32000,0.099189,0.488994,89.968
DEBUG:root:30701,32000,0.086262,0.514644,89.493
DEBUG:root:30801,32000,0.096447,0.479817,89.601
DEBUG:root:30901,32000,0.091228,0.510946,89.953
DEBUG:root:31001,32000,0.085699,0.531533,89.717
DEBUG:root:31101,32000,0.099870,0.472521,90.218
DEBUG:root:31201,32000,0.104217,0.514403,89.814
DEBUG:root:31301,32000,0.088937,0.668526,89.515
DEBUG:root:31401,32000,0.098418,0.610228,89.844
DEBUG:root:31501,32000,0.093622,0.539225,89.665
DEBUG:root:31601,32000,0.110020,0.397716,89.407
DEBUG:root:31701,32000,0.139729,0.338199,89.632
DEBUG:root:31801,32000,0.117979,0.409799,89.503
DEBUG:root:31901,32000,0.106889,0.730816,89.643
